d:\workspace\radaee\radaeepdf_uwp\rdpdflib\x64\debug\rdpdflib.pch
d:\workspace\radaee\radaeepdf_uwp\rdpdflib\x64\debug\vc143.pdb
d:\workspace\radaee\radaeepdf_uwp\rdpdflib\x64\debug\vc143.idb
d:\workspace\radaee\radaeepdf_uwp\rdpdflib\x64\debug\pch.obj
d:\workspace\radaee\radaeepdf_uwp\rdpdflib\x64\debug\pdfcore.obj
d:\workspace\radaee\radaeepdf_uwp\rdpdflib\x64\debug\rdpdflib.obj
d:\workspace\radaee\radaeepdf_uwp\rdpdflib\x64\debug\dllmain.obj
d:\workspace\radaee\radaeepdf_uwp\rdpdflib\x64\debug\rdvthread.obj
d:\workspace\radaee\radaeepdf_uwp\rdpdflib\x64\debug\pdfviewer.obj
d:\workspace\radaee\radaeepdf_uwp\rdpdflib\x64\debug\rdpdflib.ilk
d:\workspace\radaee\radaeepdf_uwp\x64\debug\rdpdflib\rdpdflib.dll
d:\workspace\radaee\radaeepdf_uwp\x64\debug\rdpdflib\rdpdflib.pdb
d:\workspace\radaee\radaeepdf_uwp\x64\debug\rdpdflib\rdpdflib.winmd
d:\workspace\radaee\radaeepdf_uwp\x64\debug\rdpdflib\rdpdflib.lib
d:\workspace\radaee\radaeepdf_uwp\x64\debug\rdpdflib\rdpdflib.exp
d:\workspace\radaee\radaeepdf_uwp\rdpdflib\x64\debug\rdpdflib.vcxproj.assemblyreference.cache
d:\workspace\radaee\radaeepdf_uwp\rdpdflib\x64\debug\priconfig.xml
d:\workspace\radaee\radaeepdf_uwp\rdpdflib\x64\debug\priconfig.xml.intermediate
d:\workspace\radaee\radaeepdf_uwp\rdpdflib\x64\debug\unfiltered.layout.resfiles
d:\workspace\radaee\radaeepdf_uwp\rdpdflib\x64\debug\unfiltered.layout.resfiles.intermediate
d:\workspace\radaee\radaeepdf_uwp\rdpdflib\x64\debug\filtered.layout.resfiles
d:\workspace\radaee\radaeepdf_uwp\rdpdflib\x64\debug\filtered.layout.resfiles.intermediate
d:\workspace\radaee\radaeepdf_uwp\rdpdflib\x64\debug\excluded.layout.resfiles
d:\workspace\radaee\radaeepdf_uwp\rdpdflib\x64\debug\excluded.layout.resfiles.intermediate
d:\workspace\radaee\radaeepdf_uwp\rdpdflib\x64\debug\resources.resfiles
d:\workspace\radaee\radaeepdf_uwp\rdpdflib\x64\debug\resources.resfiles.intermediate
d:\workspace\radaee\radaeepdf_uwp\rdpdflib\x64\debug\pri.resfiles
d:\workspace\radaee\radaeepdf_uwp\rdpdflib\x64\debug\pri.resfiles.intermediate
d:\workspace\radaee\radaeepdf_uwp\x64\debug\rdpdflib\rdpdflib.pri
d:\workspace\radaee\radaeepdf_uwp\rdpdflib\x64\debug\qualifiers.txt
d:\workspace\radaee\radaeepdf_uwp\rdpdflib\x64\debug\qualifiers.txt.intermediate
d:\workspace\radaee\radaeepdf_uwp\rdpdflib\x64\debug\multiplequalifiersperdimensionfound.txt
d:\workspace\radaee\radaeepdf_uwp\rdpdflib\x64\debug\rdpdflib.tlog\cl.command.1.tlog
d:\workspace\radaee\radaeepdf_uwp\rdpdflib\x64\debug\rdpdflib.tlog\cl.items.tlog
d:\workspace\radaee\radaeepdf_uwp\rdpdflib\x64\debug\rdpdflib.tlog\cl.read.1.tlog
d:\workspace\radaee\radaeepdf_uwp\rdpdflib\x64\debug\rdpdflib.tlog\cl.write.1.tlog
d:\workspace\radaee\radaeepdf_uwp\rdpdflib\x64\debug\rdpdflib.tlog\link.command.1.tlog
d:\workspace\radaee\radaeepdf_uwp\rdpdflib\x64\debug\rdpdflib.tlog\link.read.1.tlog
d:\workspace\radaee\radaeepdf_uwp\rdpdflib\x64\debug\rdpdflib.tlog\link.write.1.tlog
d:\workspace\radaee\radaeepdf_uwp\rdpdflib\x64\debug\rdpdflib.tlog\link.write.2u.tlog
d:\workspace\radaee\radaeepdf_uwp\rdpdflib\x64\debug\rdpdflib.tlog\rdpdflib.read.1u.tlog
d:\workspace\radaee\radaeepdf_uwp\rdpdflib\x64\debug\rdpdflib.tlog\rdpdflib.write.1u.tlog
